# JRE version: Java(TM) SE Runtime Environment (8.0_191-b12) (build 1.8.0_191-b12)
# Java VM: Java HotSpot(TM) 64-Bit Server VM (25.191-b12 mixed mode windows-amd64 compressed oops)
Heap:
 PSYoungGen      total 385536K, used 209397K [0x000000076b900000, 0x00000007a3800000, 0x00000007c0000000)
  eden space 176128K, 0% used [0x000000076b900000,0x000000076b900000,0x0000000776500000)
  from space 209408K, 99% used [0x0000000787680000,0x00000007942fd7a0,0x0000000794300000)
  to   space 280064K, 0% used [0x0000000776500000,0x0000000776500000,0x0000000787680000)
 ParOldGen       total 633856K, used 477847K [0x00000006c2a00000, 0x00000006e9500000, 0x000000076b900000)
  object space 633856K, 75% used [0x00000006c2a00000,0x00000006dfca5f48,0x00000006e9500000)
 Metaspace       used 3726K, capacity 4540K, committed 4864K, reserved 1056768K
  class space    used 407K, capacity 428K, committed 512K, reserved 1048576K
GC Heap History (10 events):
Event: 2.431 GC heap after
Heap after GC invocations=4 (full 1):
 PSYoungGen      total 140800K, used 0K [0x000000076b900000, 0x000000077cc00000, 0x00000007c0000000)
  eden space 130048K, 0% used [0x000000076b900000,0x000000076b900000,0x0000000773800000)
  from space 10752K, 0% used [0x0000000773800000,0x0000000773800000,0x0000000774280000)
  to   space 10752K, 0% used [0x000000077c180000,0x000000077c180000,0x000000077cc00000)
 ParOldGen       total 409088K, used 170784K [0x00000006c2a00000, 0x00000006db980000, 0x000000076b900000)
  object space 409088K, 41% used [0x00000006c2a00000,0x00000006cd0c81a0,0x00000006db980000)
 Metaspace       used 3217K, capacity 4500K, committed 4864K, reserved 1056768K
  class space    used 348K, capacity 388K, committed 512K, reserved 1048576K
}
Event: 2.453 GC heap before
{Heap before GC invocations=5 (full 1):
 PSYoungGen      total 140800K, used 130048K [0x000000076b900000, 0x000000077cc00000, 0x00000007c0000000)
  eden space 130048K, 100% used [0x000000076b900000,0x0000000773800000,0x0000000773800000)
  from space 10752K, 0% used [0x0000000773800000,0x0000000773800000,0x0000000774280000)
  to   space 10752K, 0% used [0x000000077c180000,0x000000077c180000,0x000000077cc00000)
 ParOldGen       total 409088K, used 170784K [0x00000006c2a00000, 0x00000006db980000, 0x000000076b900000)
  object space 409088K, 41% used [0x00000006c2a00000,0x00000006cd0c81a0,0x00000006db980000)
 Metaspace       used 3726K, capacity 4540K, committed 4864K, reserved 1056768K
  class space    used 407K, capacity 428K, committed 512K, reserved 1048576K
Event: 2.536 GC heap after
Heap after GC invocations=5 (full 1):
 PSYoungGen      total 196096K, used 10752K [0x000000076b900000, 0x000000077cc00000, 0x00000007c0000000)
  eden space 185344K, 0% used [0x000000076b900000,0x000000076b900000,0x0000000776e00000)
  from space 10752K, 100% used [0x000000077c180000,0x000000077cc00000,0x000000077cc00000)
  to   space 10752K, 0% used [0x000000077b700000,0x000000077b700000,0x000000077c180000)
 ParOldGen       total 409088K, used 280171K [0x00000006c2a00000, 0x00000006db980000, 0x000000076b900000)
  object space 409088K, 68% used [0x00000006c2a00000,0x00000006d3b9ac28,0x00000006db980000)
 Metaspace       used 3726K, capacity 4540K, committed 4864K, reserved 1056768K
  class space    used 407K, capacity 428K, committed 512K, reserved 1048576K
}
Event: 2.536 GC heap before
{Heap before GC invocations=6 (full 2):
 PSYoungGen      total 196096K, used 10752K [0x000000076b900000, 0x000000077cc00000, 0x00000007c0000000)
  eden space 185344K, 0% used [0x000000076b900000,0x000000076b900000,0x0000000776e00000)
  from space 10752K, 100% used [0x000000077c180000,0x000000077cc00000,0x000000077cc00000)
  to   space 10752K, 0% used [0x000000077b700000,0x000000077b700000,0x000000077c180000)
 ParOldGen       total 409088K, used 280171K [0x00000006c2a00000, 0x00000006db980000, 0x000000076b900000)
  object space 409088K, 68% used [0x00000006c2a00000,0x00000006d3b9ac28,0x00000006db980000)
 Metaspace       used 3726K, capacity 4540K, committed 4864K, reserved 1056768K
  class space    used 407K, capacity 428K, committed 512K, reserved 1048576K
Event: 4.951 GC heap after
Heap after GC invocations=6 (full 2):
 PSYoungGen      total 196096K, used 0K [0x000000076b900000, 0x000000077cc00000, 0x00000007c0000000)
  eden space 185344K, 0% used [0x000000076b900000,0x000000076b900000,0x0000000776e00000)
  from space 10752K, 0% used [0x000000077c180000,0x000000077c180000,0x000000077cc00000)
  to   space 10752K, 0% used [0x000000077b700000,0x000000077b700000,0x000000077c180000)
 ParOldGen       total 633856K, used 254699K [0x00000006c2a00000, 0x00000006e9500000, 0x000000076b900000)
  object space 633856K, 40% used [0x00000006c2a00000,0x00000006d22baf80,0x00000006e9500000)
 Metaspace       used 3726K, capacity 4540K, committed 4864K, reserved 1056768K
  class space    used 407K, capacity 428K, committed 512K, reserved 1048576K
}
Event: 4.988 GC heap before
{Heap before GC invocations=7 (full 2):
 PSYoungGen      total 196096K, used 185344K [0x000000076b900000, 0x000000077cc00000, 0x00000007c0000000)
  eden space 185344K, 100% used [0x000000076b900000,0x0000000776e00000,0x0000000776e00000)
  from space 10752K, 0% used [0x000000077c180000,0x000000077c180000,0x000000077cc00000)
  to   space 10752K, 0% used [0x000000077b700000,0x000000077b700000,0x000000077c180000)
 ParOldGen       total 633856K, used 254699K [0x00000006c2a00000, 0x00000006e9500000, 0x000000076b900000)
  object space 633856K, 40% used [0x00000006c2a00000,0x00000006d22baf80,0x00000006e9500000)
 Metaspace       used 3726K, capacity 4540K, committed 4864K, reserved 1056768K
  class space    used 407K, capacity 428K, committed 512K, reserved 1048576K
Event: 5.114 GC heap after
Heap after GC invocations=7 (full 2):
 PSYoungGen      total 257536K, used 10752K [0x000000076b900000, 0x0000000794300000, 0x00000007c0000000)
  eden space 246784K, 0% used [0x000000076b900000,0x000000076b900000,0x000000077aa00000)
  from space 10752K, 100% used [0x000000077b700000,0x000000077c180000,0x000000077c180000)
  to   space 209408K, 0% used [0x0000000787680000,0x0000000787680000,0x0000000794300000)
 ParOldGen       total 633856K, used 429535K [0x00000006c2a00000, 0x00000006e9500000, 0x000000076b900000)
  object space 633856K, 67% used [0x00000006c2a00000,0x00000006dcd77f48,0x00000006e9500000)
 Metaspace       used 3726K, capacity 4540K, committed 4864K, reserved 1056768K
  class space    used 407K, capacity 428K, committed 512K, reserved 1048576K
}
Event: 5.164 GC heap before
{Heap before GC invocations=8 (full 2):
 PSYoungGen      total 257536K, used 257536K [0x000000076b900000, 0x0000000794300000, 0x00000007c0000000)
  eden space 246784K, 100% used [0x000000076b900000,0x000000077aa00000,0x000000077aa00000)
  from space 10752K, 100% used [0x000000077b700000,0x000000077c180000,0x000000077c180000)
  to   space 209408K, 0% used [0x0000000787680000,0x0000000787680000,0x0000000794300000)
 ParOldGen       total 633856K, used 429535K [0x00000006c2a00000, 0x00000006e9500000, 0x000000076b900000)
  object space 633856K, 67% used [0x00000006c2a00000,0x00000006dcd77f48,0x00000006e9500000)
 Metaspace       used 3726K, capacity 4540K, committed 4864K, reserved 1056768K
  class space    used 407K, capacity 428K, committed 512K, reserved 1048576K
Event: 5.347 GC heap after
Heap after GC invocations=8 (full 2):
 PSYoungGen      total 385536K, used 209397K [0x000000076b900000, 0x00000007a3800000, 0x00000007c0000000)
  eden space 176128K, 0% used [0x000000076b900000,0x000000076b900000,0x0000000776500000)
  from space 209408K, 99% used [0x0000000787680000,0x00000007942fd7a0,0x0000000794300000)
  to   space 280064K, 0% used [0x0000000776500000,0x0000000776500000,0x0000000787680000)
 ParOldGen       total 633856K, used 477847K [0x00000006c2a00000, 0x00000006e9500000, 0x000000076b900000)
  object space 633856K, 75% used [0x00000006c2a00000,0x00000006dfca5f48,0x00000006e9500000)
 Metaspace       used 3726K, capacity 4540K, committed 4864K, reserved 1056768K
  class space    used 407K, capacity 428K, committed 512K, reserved 1048576K
}
Event: 5.347 GC heap before
{Heap before GC invocations=9 (full 3):
 PSYoungGen      total 385536K, used 209397K [0x000000076b900000, 0x00000007a3800000, 0x00000007c0000000)
  eden space 176128K, 0% used [0x000000076b900000,0x000000076b900000,0x0000000776500000)
  from space 209408K, 99% used [0x0000000787680000,0x00000007942fd7a0,0x0000000794300000)
  to   space 280064K, 0% used [0x0000000776500000,0x0000000776500000,0x0000000787680000)
 ParOldGen       total 633856K, used 477847K [0x00000006c2a00000, 0x00000006e9500000, 0x000000076b900000)
  object space 633856K, 75% used [0x00000006c2a00000,0x00000006dfca5f48,0x00000006e9500000)
 Metaspace       used 3726K, capacity 4540K, committed 4864K, reserved 1056768K
  class space    used 407K, capacity 428K, committed 512K, reserved 1048576K

